# JRE version: Java(TM) SE Runtime Environment (8.0_40-b25) (build 1.8.0_40-b25)
# Java VM: Java HotSpot(TM) 64-Bit Server VM (25.40-b25 mixed mode windows-amd64 compressed oops)
Heap:
 PSYoungGen      total 664576K, used 196012K [0x0000000780b80000, 0x00000007ab300000, 0x00000007c0000000)
  eden space 645632K, 29% used [0x0000000780b80000,0x000000078c300bb0,0x00000007a8200000)
  from space 18944K, 42% used [0x00000007aa080000,0x00000007aa86a808,0x00000007ab300000)
  to   space 25088K, 0% used [0x00000007a8200000,0x00000007a8200000,0x00000007a9a80000)
 ParOldGen       total 143360K, used 60482K [0x0000000702200000, 0x000000070ae00000, 0x0000000780b80000)
  object space 143360K, 42% used [0x0000000702200000,0x0000000705d109d8,0x000000070ae00000)
 Metaspace       used 85738K, capacity 88882K, committed 89216K, reserved 1126400K
  class space    used 10982K, capacity 11541K, committed 11648K, reserved 1048576K
GC Heap History (10 events):
Event: 9.345 GC heap before
{Heap before GC invocations=13 (full 2):
 PSYoungGen      total 381440K, used 153061K [0x0000000780b80000, 0x0000000799580000, 0x00000007c0000000)
  eden space 364032K, 37% used [0x0000000780b80000,0x0000000788ffa790,0x0000000796f00000)
  from space 17408K, 99% used [0x0000000798480000,0x000000079957ee78,0x0000000799580000)
  to   space 19456K, 0% used [0x0000000796f80000,0x0000000796f80000,0x0000000798280000)
 ParOldGen       total 101376K, used 18988K [0x0000000702200000, 0x0000000708500000, 0x0000000780b80000)
  object space 101376K, 18% used [0x0000000702200000,0x000000070348b320,0x0000000708500000)
 Metaspace       used 56931K, capacity 58906K, committed 59136K, reserved 1099776K
  class space    used 7487K, capacity 7881K, committed 7936K, reserved 1048576K
Event: 9.394 GC heap after
Heap after GC invocations=13 (full 2):
 PSYoungGen      total 384000K, used 10456K [0x0000000780b80000, 0x00000007a2400000, 0x00000007c0000000)
  eden space 364544K, 0% used [0x0000000780b80000,0x0000000780b80000,0x0000000796f80000)
  from space 19456K, 53% used [0x0000000796f80000,0x00000007979b61d8,0x0000000798280000)
  to   space 18432K, 0% used [0x00000007a1200000,0x00000007a1200000,0x00000007a2400000)
 ParOldGen       total 101376K, used 31973K [0x0000000702200000, 0x0000000708500000, 0x0000000780b80000)
  object space 101376K, 31% used [0x0000000702200000,0x0000000704139740,0x0000000708500000)
 Metaspace       used 56931K, capacity 58906K, committed 59136K, reserved 1099776K
  class space    used 7487K, capacity 7881K, committed 7936K, reserved 1048576K
}
Event: 9.394 GC heap before
{Heap before GC invocations=14 (full 3):
 PSYoungGen      total 384000K, used 10456K [0x0000000780b80000, 0x00000007a2400000, 0x00000007c0000000)
  eden space 364544K, 0% used [0x0000000780b80000,0x0000000780b80000,0x0000000796f80000)
  from space 19456K, 53% used [0x0000000796f80000,0x00000007979b61d8,0x0000000798280000)
  to   space 18432K, 0% used [0x00000007a1200000,0x00000007a1200000,0x00000007a2400000)
 ParOldGen       total 101376K, used 31973K [0x0000000702200000, 0x0000000708500000, 0x0000000780b80000)
  object space 101376K, 31% used [0x0000000702200000,0x0000000704139740,0x0000000708500000)
 Metaspace       used 56931K, capacity 58906K, committed 59136K, reserved 1099776K
  class space    used 7487K, capacity 7881K, committed 7936K, reserved 1048576K
Event: 9.542 GC heap after
Heap after GC invocations=14 (full 3):
 PSYoungGen      total 384000K, used 0K [0x0000000780b80000, 0x00000007a2400000, 0x00000007c0000000)
  eden space 364544K, 0% used [0x0000000780b80000,0x0000000780b80000,0x0000000796f80000)
  from space 19456K, 0% used [0x0000000796f80000,0x0000000796f80000,0x0000000798280000)
  to   space 18432K, 0% used [0x00000007a1200000,0x00000007a1200000,0x00000007a2400000)
 ParOldGen       total 143360K, used 38596K [0x0000000702200000, 0x000000070ae00000, 0x0000000780b80000)
  object space 143360K, 26% used [0x0000000702200000,0x00000007047b10c0,0x000000070ae00000)
 Metaspace       used 56931K, capacity 58906K, committed 59136K, reserved 1099776K
  class space    used 7487K, capacity 7881K, committed 7936K, reserved 1048576K
}
Event: 11.809 GC heap before
{Heap before GC invocations=15 (full 3):
 PSYoungGen      total 384000K, used 364544K [0x0000000780b80000, 0x00000007a2400000, 0x00000007c0000000)
  eden space 364544K, 100% used [0x0000000780b80000,0x0000000796f80000,0x0000000796f80000)
  from space 19456K, 0% used [0x0000000796f80000,0x0000000796f80000,0x0000000798280000)
  to   space 18432K, 0% used [0x00000007a1200000,0x00000007a1200000,0x00000007a2400000)
 ParOldGen       total 143360K, used 38596K [0x0000000702200000, 0x000000070ae00000, 0x0000000780b80000)
  object space 143360K, 26% used [0x0000000702200000,0x00000007047b10c0,0x000000070ae00000)
 Metaspace       used 63221K, capacity 65626K, committed 65792K, reserved 1105920K
  class space    used 8464K, capacity 8907K, committed 8960K, reserved 1048576K
Event: 11.843 GC heap after
Heap after GC invocations=15 (full 3):
 PSYoungGen      total 509440K, used 13930K [0x0000000780b80000, 0x00000007a2000000, 0x00000007c0000000)
  eden space 495104K, 0% used [0x0000000780b80000,0x0000000780b80000,0x000000079ef00000)
  from space 14336K, 97% used [0x00000007a1200000,0x00000007a1f9a9b0,0x00000007a2000000)
  to   space 18944K, 0% used [0x000000079fb00000,0x000000079fb00000,0x00000007a0d80000)
 ParOldGen       total 143360K, used 38604K [0x0000000702200000, 0x000000070ae00000, 0x0000000780b80000)
  object space 143360K, 26% used [0x0000000702200000,0x00000007047b30c0,0x000000070ae00000)
 Metaspace       used 63221K, capacity 65626K, committed 65792K, reserved 1105920K
  class space    used 8464K, capacity 8907K, committed 8960K, reserved 1048576K
}
Event: 1746.845 GC heap before
{Heap before GC invocations=16 (full 3):
 PSYoungGen      total 509440K, used 509034K [0x0000000780b80000, 0x00000007a2000000, 0x00000007c0000000)
  eden space 495104K, 100% used [0x0000000780b80000,0x000000079ef00000,0x000000079ef00000)
  from space 14336K, 97% used [0x00000007a1200000,0x00000007a1f9a9b0,0x00000007a2000000)
  to   space 18944K, 0% used [0x000000079fb00000,0x000000079fb00000,0x00000007a0d80000)
 ParOldGen       total 143360K, used 38604K [0x0000000702200000, 0x000000070ae00000, 0x0000000780b80000)
  object space 143360K, 26% used [0x0000000702200000,0x00000007047b30c0,0x000000070ae00000)
 Metaspace       used 81240K, capacity 84138K, committed 84224K, reserved 1122304K
  class space    used 10716K, capacity 11215K, committed 11264K, reserved 1048576K
Event: 1746.879 GC heap after
Heap after GC invocations=16 (full 3):
 PSYoungGen      total 526336K, used 18923K [0x0000000780b80000, 0x00000007ab980000, 0x00000007c0000000)
  eden space 507392K, 0% used [0x0000000780b80000,0x0000000780b80000,0x000000079fb00000)
  from space 18944K, 99% used [0x000000079fb00000,0x00000007a0d7ad48,0x00000007a0d80000)
  to   space 25600K, 0% used [0x00000007aa080000,0x00000007aa080000,0x00000007ab980000)
 ParOldGen       total 143360K, used 49681K [0x0000000702200000, 0x000000070ae00000, 0x0000000780b80000)
  object space 143360K, 34% used [0x0000000702200000,0x00000007052844b0,0x000000070ae00000)
 Metaspace       used 81240K, capacity 84138K, committed 84224K, reserved 1122304K
  class space    used 10716K, capacity 11215K, committed 11264K, reserved 1048576K
}
Event: 13318.905 GC heap before
{Heap before GC invocations=17 (full 3):
 PSYoungGen      total 526336K, used 526315K [0x0000000780b80000, 0x00000007ab980000, 0x00000007c0000000)
  eden space 507392K, 100% used [0x0000000780b80000,0x000000079fb00000,0x000000079fb00000)
  from space 18944K, 99% used [0x000000079fb00000,0x00000007a0d7ad48,0x00000007a0d80000)
  to   space 25600K, 0% used [0x00000007aa080000,0x00000007aa080000,0x00000007ab980000)
 ParOldGen       total 143360K, used 49681K [0x0000000702200000, 0x000000070ae00000, 0x0000000780b80000)
  object space 143360K, 34% used [0x0000000702200000,0x00000007052844b0,0x000000070ae00000)
 Metaspace       used 85588K, capacity 88624K, committed 88960K, reserved 1126400K
  class space    used 10975K, capacity 11530K, committed 11648K, reserved 1048576K
Event: 13318.924 GC heap after
Heap after GC invocations=17 (full 3):
 PSYoungGen      total 664576K, used 8106K [0x0000000780b80000, 0x00000007ab300000, 0x00000007c0000000)
  eden space 645632K, 0% used [0x0000000780b80000,0x0000000780b80000,0x00000007a8200000)
  from space 18944K, 42% used [0x00000007aa080000,0x00000007aa86a808,0x00000007ab300000)
  to   space 25088K, 0% used [0x00000007a8200000,0x00000007a8200000,0x00000007a9a80000)
 ParOldGen       total 143360K, used 60482K [0x0000000702200000, 0x000000070ae00000, 0x0000000780b80000)
  object space 143360K, 42% used [0x0000000702200000,0x0000000705d109d8,0x000000070ae00000)
 Metaspace       used 85588K, capacity 88624K, committed 88960K, reserved 1126400K
  class space    used 10975K, capacity 11530K, committed 11648K, reserved 1048576K
}

